<?xml version="1.0" encoding="UTF-8"?>
<testng-results ignored="1" total="2" passed="1" failed="0" skipped="0">
  <reporter-output>
  </reporter-output>
  <suite started-at="2026-02-09T10:18:41 ICT" name="Default suite" finished-at="2026-02-09T10:19:18 ICT" duration-ms="36793">
    <groups>
    </groups>
    <test started-at="2026-02-09T10:18:41 ICT" name="Default test" finished-at="2026-02-09T10:19:18 ICT" duration-ms="36793">
      <class name="Railway.ResetPasswordTest">
        <test-method is-config="true" signature="beforeMethod()[pri:0, instance:Railway.ResetPasswordTest@1e800aaa]" started-at="2026-02-09T10:18:41 ICT" name="beforeMethod" finished-at="2026-02-09T10:18:43 ICT" duration-ms="1384" status="PASS">
          <reporter-output>
          </reporter-output>
        </test-method> <!-- beforeMethod -->
        <test-method signature="TC11()[pri:0, instance:Railway.ResetPasswordTest@1e800aaa]" started-at="2026-02-09T10:18:43 ICT" name="TC11" finished-at="2026-02-09T10:19:18 ICT" duration-ms="35145" status="PASS">
          <reporter-output>
          </reporter-output>
        </test-method> <!-- TC11 -->
        <test-method is-config="true" signature="afterMethod()[pri:0, instance:Railway.ResetPasswordTest@1e800aaa]" started-at="2026-02-09T10:19:18 ICT" name="afterMethod" finished-at="2026-02-09T10:19:18 ICT" duration-ms="214" status="PASS">
          <reporter-output>
          </reporter-output>
        </test-method> <!-- afterMethod -->
      </class> <!-- Railway.ResetPasswordTest -->
    </test> <!-- Default test -->
  </suite> <!-- Default suite -->
</testng-results>
