<?xml version="1.0" encoding="UTF-8"?>
<testng-results ignored="0" total="3" passed="3" failed="0" skipped="0">
  <reporter-output>
  </reporter-output>
  <suite started-at="2026-02-08T15:49:23 ICT" name="Default suite" finished-at="2026-02-08T15:49:59 ICT" duration-ms="35863">
    <groups>
    </groups>
    <test started-at="2026-02-08T15:49:23 ICT" name="Default test" finished-at="2026-02-08T15:49:59 ICT" duration-ms="35863">
      <class name="Railway.CreateAccountTest">
        <test-method is-config="true" signature="beforeMethod()[pri:0, instance:Railway.CreateAccountTest@233795b6]" started-at="2026-02-08T15:49:23 ICT" name="beforeMethod" finished-at="2026-02-08T15:49:25 ICT" duration-ms="1430" status="PASS">
          <reporter-output>
          </reporter-output>
        </test-method> <!-- beforeMethod -->
        <test-method signature="TC07()[pri:0, instance:Railway.CreateAccountTest@233795b6]" started-at="2026-02-08T15:49:25 ICT" name="TC07" finished-at="2026-02-08T15:49:29 ICT" duration-ms="4506" status="PASS">
          <reporter-output>
          </reporter-output>
        </test-method> <!-- TC07 -->
        <test-method is-config="true" signature="afterMethod()[pri:0, instance:Railway.CreateAccountTest@233795b6]" started-at="2026-02-08T15:49:29 ICT" name="afterMethod" finished-at="2026-02-08T15:49:29 ICT" duration-ms="149" status="PASS">
          <reporter-output>
          </reporter-output>
        </test-method> <!-- afterMethod -->
        <test-method is-config="true" signature="beforeMethod()[pri:0, instance:Railway.CreateAccountTest@233795b6]" started-at="2026-02-08T15:49:29 ICT" name="beforeMethod" finished-at="2026-02-08T15:49:30 ICT" duration-ms="854" status="PASS">
          <reporter-output>
          </reporter-output>
        </test-method> <!-- beforeMethod -->
        <test-method signature="TC08()[pri:0, instance:Railway.CreateAccountTest@233795b6]" started-at="2026-02-08T15:49:30 ICT" name="TC08" finished-at="2026-02-08T15:49:34 ICT" duration-ms="3625" status="PASS">
          <reporter-output>
          </reporter-output>
        </test-method> <!-- TC08 -->
        <test-method is-config="true" signature="afterMethod()[pri:0, instance:Railway.CreateAccountTest@233795b6]" started-at="2026-02-08T15:49:34 ICT" name="afterMethod" finished-at="2026-02-08T15:49:34 ICT" duration-ms="159" status="PASS">
          <reporter-output>
          </reporter-output>
        </test-method> <!-- afterMethod -->
        <test-method is-config="true" signature="beforeMethod()[pri:0, instance:Railway.CreateAccountTest@233795b6]" started-at="2026-02-08T15:49:34 ICT" name="beforeMethod" finished-at="2026-02-08T15:49:35 ICT" duration-ms="791" status="PASS">
          <reporter-output>
          </reporter-output>
        </test-method> <!-- beforeMethod -->
        <test-method signature="TC09()[pri:0, instance:Railway.CreateAccountTest@233795b6]" started-at="2026-02-08T15:49:35 ICT" name="TC09" finished-at="2026-02-08T15:49:59 ICT" duration-ms="24107" status="PASS">
          <reporter-output>
          </reporter-output>
        </test-method> <!-- TC09 -->
        <test-method is-config="true" signature="afterMethod()[pri:0, instance:Railway.CreateAccountTest@233795b6]" started-at="2026-02-08T15:49:59 ICT" name="afterMethod" finished-at="2026-02-08T15:49:59 ICT" duration-ms="201" status="PASS">
          <reporter-output>
          </reporter-output>
        </test-method> <!-- afterMethod -->
      </class> <!-- Railway.CreateAccountTest -->
    </test> <!-- Default test -->
  </suite> <!-- Default suite -->
</testng-results>
