<?xml version="1.0" encoding="UTF-8"?>
<!-- Generated by org.testng.reporters.JUnitXMLReporter -->
<testsuite ignored="0" hostname="KataKaze" failures="0" tests="3" name="Default test" time="35.863" errors="0" timestamp="2026-02-08T15:49:59 ICT">
  <testcase classname="Railway.CreateAccountTest" name="TC07" time="4.506"/>
  <testcase classname="Railway.CreateAccountTest" name="TC08" time="3.625"/>
  <testcase classname="Railway.CreateAccountTest" name="TC09" time="24.107"/>
</testsuite> <!-- Default test -->
