<?xml version="1.0" encoding="UTF-8"?>
<!-- Generated by org.testng.reporters.JUnitReportReporter -->
<testsuite hostname="KataKaze" failures="0" tests="3" name="Railway.CreateAccountTest" time="34.378" errors="0" timestamp="2026-02-08T23:44:02 ICT" skipped="0">
  <testcase classname="Railway.CreateAccountTest" name="TC07" time="4.459"/>
  <testcase classname="Railway.CreateAccountTest" name="TC09" time="25.488"/>
  <testcase classname="Railway.CreateAccountTest" name="TC08" time="4.431"/>
</testsuite> <!-- Railway.CreateAccountTest -->
