<?xml version="1.0" encoding="UTF-8"?>
<!-- Generated by org.testng.reporters.JUnitReportReporter -->
<testsuite hostname="KataKaze" failures="0" tests="3" name="Railway.CreateAccountTest" time="35.822" errors="0" timestamp="2026-02-08T15:49:59 ICT" skipped="0">
  <testcase classname="Railway.CreateAccountTest" name="TC09" time="25.047"/>
  <testcase classname="Railway.CreateAccountTest" name="TC08" time="4.680"/>
  <testcase classname="Railway.CreateAccountTest" name="TC07" time="6.095"/>
</testsuite> <!-- Railway.CreateAccountTest -->
